[15:28:51] [Server thread/INFO]: Starting minecraft server version 1.10.2
[15:29:44] [Server thread/INFO]: Loading properties
[15:29:44] [Server thread/WARN]: server.properties does not exist
[15:29:44] [Server thread/INFO]: Generating new properties file
[15:29:44] [Server thread/INFO]: Default game type: SURVIVAL
[15:29:44] [Server thread/INFO]: Generating keypair
[15:29:44] [Server thread/INFO]: Starting Minecraft server on *:25565
[15:29:44] [Server thread/INFO]: Using default channel type
[15:29:56] [Server thread/WARN]: Failed to load user banlist: 
java.io.FileNotFoundException: banned-players.json (The system cannot find the file specified)
	at java.io.FileInputStream.open0(Native Method) ~[?:1.8.0_171]
	at java.io.FileInputStream.open(Unknown Source) ~[?:1.8.0_171]
	at java.io.FileInputStream.<init>(Unknown Source) ~[?:1.8.0_171]
	at com.google.common.io.Files.newReader(Files.java:86) ~[minecraft_server.1.10.2.jar:?]
	at net.minecraft.server.management.UserList.func_152679_g(SourceFile:136) ~[mt.class:?]
	at net.minecraft.server.dedicated.DedicatedPlayerList.func_187246_z(SourceFile:99) [lc.class:?]
	at net.minecraft.server.dedicated.DedicatedPlayerList.<init>(SourceFile:25) [lc.class:?]
	at net.minecraft.server.dedicated.DedicatedServer.func_71197_b(DedicatedServer.java:215) [ld.class:?]
	at net.minecraft.server.MinecraftServer.run(MinecraftServer.java:431) [MinecraftServer.class:?]
	at java.lang.Thread.run(Unknown Source) [?:1.8.0_171]
[15:29:56] [Server thread/WARN]: Failed to load ip banlist: 
java.io.FileNotFoundException: banned-ips.json (The system cannot find the file specified)
	at java.io.FileInputStream.open0(Native Method) ~[?:1.8.0_171]
	at java.io.FileInputStream.open(Unknown Source) ~[?:1.8.0_171]
	at java.io.FileInputStream.<init>(Unknown Source) ~[?:1.8.0_171]
	at com.google.common.io.Files.newReader(Files.java:86) ~[minecraft_server.1.10.2.jar:?]
	at net.minecraft.server.management.UserList.func_152679_g(SourceFile:136) ~[mt.class:?]
	at net.minecraft.server.dedicated.DedicatedPlayerList.func_187249_y(SourceFile:91) [lc.class:?]
	at net.minecraft.server.dedicated.DedicatedPlayerList.<init>(SourceFile:27) [lc.class:?]
	at net.minecraft.server.dedicated.DedicatedServer.func_71197_b(DedicatedServer.java:215) [ld.class:?]
	at net.minecraft.server.MinecraftServer.run(MinecraftServer.java:431) [MinecraftServer.class:?]
	at java.lang.Thread.run(Unknown Source) [?:1.8.0_171]
[15:29:56] [Server thread/WARN]: Failed to load operators list: 
java.io.FileNotFoundException: ops.json (The system cannot find the file specified)
	at java.io.FileInputStream.open0(Native Method) ~[?:1.8.0_171]
	at java.io.FileInputStream.open(Unknown Source) ~[?:1.8.0_171]
	at java.io.FileInputStream.<init>(Unknown Source) ~[?:1.8.0_171]
	at com.google.common.io.Files.newReader(Files.java:86) ~[minecraft_server.1.10.2.jar:?]
	at net.minecraft.server.management.UserList.func_152679_g(SourceFile:136) ~[mt.class:?]
	at net.minecraft.server.dedicated.DedicatedPlayerList.func_72417_t(SourceFile:107) [lc.class:?]
	at net.minecraft.server.dedicated.DedicatedPlayerList.<init>(SourceFile:29) [lc.class:?]
	at net.minecraft.server.dedicated.DedicatedServer.func_71197_b(DedicatedServer.java:215) [ld.class:?]
	at net.minecraft.server.MinecraftServer.run(MinecraftServer.java:431) [MinecraftServer.class:?]
	at java.lang.Thread.run(Unknown Source) [?:1.8.0_171]
[15:29:56] [Server thread/WARN]: Failed to load white-list: 
java.io.FileNotFoundException: whitelist.json (The system cannot find the file specified)
	at java.io.FileInputStream.open0(Native Method) ~[?:1.8.0_171]
	at java.io.FileInputStream.open(Unknown Source) ~[?:1.8.0_171]
	at java.io.FileInputStream.<init>(Unknown Source) ~[?:1.8.0_171]
	at com.google.common.io.Files.newReader(Files.java:86) ~[minecraft_server.1.10.2.jar:?]
	at net.minecraft.server.management.UserList.func_152679_g(SourceFile:136) ~[mt.class:?]
	at net.minecraft.server.dedicated.DedicatedPlayerList.func_72418_v(SourceFile:123) [lc.class:?]
	at net.minecraft.server.dedicated.DedicatedPlayerList.<init>(SourceFile:30) [lc.class:?]
	at net.minecraft.server.dedicated.DedicatedServer.func_71197_b(DedicatedServer.java:215) [ld.class:?]
	at net.minecraft.server.MinecraftServer.run(MinecraftServer.java:431) [MinecraftServer.class:?]
	at java.lang.Thread.run(Unknown Source) [?:1.8.0_171]
[15:29:57] [Server thread/INFO]: Preparing level "world"
[15:29:58] [Server thread/INFO]: Preparing start region for level 0
[15:29:59] [Server thread/INFO]: Preparing spawn area: 80%
[15:29:59] [Server thread/INFO]: Done (2.939s)! For help, type "help" or "?"
[15:33:51] [Server thread/INFO]: --- Showing help page 1 of 31 (/help <page>) ---
[15:33:51] [Server thread/INFO]: /lootbags_dumphelditem
[15:33:51] [Server thread/INFO]: /lootbags_dumphelditem
[15:33:51] [Server thread/INFO]: /lootbags_identifysources
[15:33:51] [Server thread/INFO]: /lootbags_identifysources
[15:33:51] [Server thread/INFO]: /lootbags_itemdump
[15:33:51] [Server thread/INFO]: /lootbags_itemdump
[15:33:51] [Server thread/INFO]: /lootbags_reloadconfig
[15:34:15] [Server thread/INFO]: You must specify which player you wish to perform this action on.
